app/build/intermediates/manifest_merge_blame_file/debug/processDebugMainManifest/manifest-merger-blame-debug-report.txt
1<?xml version="1.0" encoding="utf-8"?>
2<manifest xmlns:android="http://schemas.android.com/apk/res/android"
3    package="com.example.nordicdfulooper"
4    android:versionCode="1"
5    android:versionName="1.0" >
6
7    <uses-sdk
8        android:minSdkVersion="24"
9        android:targetSdkVersion="34" />
10
11    <uses-feature
11-->src/main/AndroidManifest.xml:4:5-6:35
12        android:name="android.hardware.bluetooth_le"
12-->src/main/AndroidManifest.xml:5:9-53
13        android:required="true" />
13-->src/main/AndroidManifest.xml:6:9-32
14
15    <uses-permission
15-->src/main/AndroidManifest.xml:8:5-95
16        android:name="android.permission.BLUETOOTH"
16-->src/main/AndroidManifest.xml:8:22-65
17        android:maxSdkVersion="30" />
17-->src/main/AndroidManifest.xml:8:66-92
18    <uses-permission
18-->src/main/AndroidManifest.xml:9:5-101
19        android:name="android.permission.BLUETOOTH_ADMIN"
19-->src/main/AndroidManifest.xml:9:22-71
20        android:maxSdkVersion="30" />
20-->src/main/AndroidManifest.xml:9:72-98
21    <uses-permission
21-->src/main/AndroidManifest.xml:10:5-106
22        android:name="android.permission.ACCESS_FINE_LOCATION"
22-->src/main/AndroidManifest.xml:10:22-76
23        android:maxSdkVersion="30" />
23-->src/main/AndroidManifest.xml:10:77-103
24    <uses-permission android:name="android.permission.BLUETOOTH_SCAN" />
24-->src/main/AndroidManifest.xml:12:5-73
24-->src/main/AndroidManifest.xml:12:22-70
25    <uses-permission android:name="android.permission.BLUETOOTH_CONNECT" />
25-->src/main/AndroidManifest.xml:13:5-76
25-->src/main/AndroidManifest.xml:13:22-73
26    <uses-permission android:name="android.permission.POST_NOTIFICATIONS" />
26-->src/main/AndroidManifest.xml:14:5-77
26-->src/main/AndroidManifest.xml:14:22-74
27    <uses-permission android:name="android.permission.FOREGROUND_SERVICE" />
27-->src/main/AndroidManifest.xml:15:5-77
27-->src/main/AndroidManifest.xml:15:22-74
28    <uses-permission android:name="android.permission.FOREGROUND_SERVICE_CONNECTED_DEVICE" />
28-->src/main/AndroidManifest.xml:16:5-94
28-->src/main/AndroidManifest.xml:16:22-91
29
30    <permission
30-->[androidx.core:core:1.13.1] AndroidManifest.xml:22:5-24:47
31        android:name="com.example.nordicdfulooper.DYNAMIC_RECEIVER_NOT_EXPORTED_PERMISSION"
31-->[androidx.core:core:1.13.1] AndroidManifest.xml:23:9-81
32        android:protectionLevel="signature" />
32-->[androidx.core:core:1.13.1] AndroidManifest.xml:24:9-44
33
34    <uses-permission android:name="com.example.nordicdfulooper.DYNAMIC_RECEIVER_NOT_EXPORTED_PERMISSION" />
34-->[androidx.core:core:1.13.1] AndroidManifest.xml:26:5-97
34-->[androidx.core:core:1.13.1] AndroidManifest.xml:26:22-94
35
36    <application
36-->src/main/AndroidManifest.xml:18:5-44:19
37        android:allowBackup="true"
37-->src/main/AndroidManifest.xml:19:9-35
38        android:appComponentFactory="androidx.core.app.CoreComponentFactory"
38-->[androidx.core:core:1.13.1] AndroidManifest.xml:28:18-86
39        android:debuggable="true"
40        android:extractNativeLibs="false"
41        android:icon="@android:drawable/stat_sys_upload"
41-->src/main/AndroidManifest.xml:20:9-57
42        android:label="Nordic DFU Looper"
42-->src/main/AndroidManifest.xml:21:9-42
43        android:roundIcon="@android:drawable/stat_sys_upload"
43-->src/main/AndroidManifest.xml:22:9-62
44        android:supportsRtl="true"
44-->src/main/AndroidManifest.xml:23:9-35
45        android:testOnly="true"
46        android:theme="@style/Theme.NordicDFULooper" >
46-->src/main/AndroidManifest.xml:24:9-53
47        <activity
47-->src/main/AndroidManifest.xml:26:9-28:40
48            android:name="com.example.nordicdfulooper.DeviceScanActivity"
48-->src/main/AndroidManifest.xml:27:13-47
49            android:exported="false" />
49-->src/main/AndroidManifest.xml:28:13-37
50        <activity
50-->src/main/AndroidManifest.xml:30:9-37:20
51            android:name="com.example.nordicdfulooper.MainActivity"
51-->src/main/AndroidManifest.xml:31:13-41
52            android:exported="true" >
52-->src/main/AndroidManifest.xml:32:13-36
53            <intent-filter>
53-->src/main/AndroidManifest.xml:33:13-36:29
54                <action android:name="android.intent.action.MAIN" />
54-->src/main/AndroidManifest.xml:34:17-69
54-->src/main/AndroidManifest.xml:34:25-66
55
56                <category android:name="android.intent.category.LAUNCHER" />
56-->src/main/AndroidManifest.xml:35:17-77
56-->src/main/AndroidManifest.xml:35:27-74
57            </intent-filter>
58        </activity>
59
60        <service
60-->src/main/AndroidManifest.xml:39:9-42:72
61            android:name="com.example.nordicdfulooper.DfuService"
61-->src/main/AndroidManifest.xml:40:13-39
62            android:exported="false"
62-->src/main/AndroidManifest.xml:41:13-37
63            android:foregroundServiceType="connectedDevice|dataSync" />
63-->src/main/AndroidManifest.xml:42:13-69
64
65        <provider
65-->[androidx.emoji2:emoji2:1.3.0] AndroidManifest.xml:24:9-32:20
66            android:name="androidx.startup.InitializationProvider"
66-->[androidx.emoji2:emoji2:1.3.0] AndroidManifest.xml:25:13-67
67            android:authorities="com.example.nordicdfulooper.androidx-startup"
67-->[androidx.emoji2:emoji2:1.3.0] AndroidManifest.xml:26:13-68
68            android:exported="false" >
68-->[androidx.emoji2:emoji2:1.3.0] AndroidManifest.xml:27:13-37
69            <meta-data
69-->[androidx.emoji2:emoji2:1.3.0] AndroidManifest.xml:29:13-31:52
70                android:name="androidx.emoji2.text.EmojiCompatInitializer"
70-->[androidx.emoji2:emoji2:1.3.0] AndroidManifest.xml:30:17-75
71                android:value="androidx.startup" />
71-->[androidx.emoji2:emoji2:1.3.0] AndroidManifest.xml:31:17-49
72            <meta-data
72-->[androidx.lifecycle:lifecycle-process:2.6.2] AndroidManifest.xml:29:13-31:52
73                android:name="androidx.lifecycle.ProcessLifecycleInitializer"
73-->[androidx.lifecycle:lifecycle-process:2.6.2] AndroidManifest.xml:30:17-78
74                android:value="androidx.startup" />
74-->[androidx.lifecycle:lifecycle-process:2.6.2] AndroidManifest.xml:31:17-49
75            <meta-data
75-->[androidx.profileinstaller:profileinstaller:1.3.1] AndroidManifest.xml:29:13-31:52
76                android:name="androidx.profileinstaller.ProfileInstallerInitializer"
76-->[androidx.profileinstaller:profileinstaller:1.3.1] AndroidManifest.xml:30:17-85
77                android:value="androidx.startup" />
77-->[androidx.profileinstaller:profileinstaller:1.3.1] AndroidManifest.xml:31:17-49
78        </provider>
79
80        <receiver
80-->[androidx.profileinstaller:profileinstaller:1.3.1] AndroidManifest.xml:34:9-52:20
81            android:name="androidx.profileinstaller.ProfileInstallReceiver"
81-->[androidx.profileinstaller:profileinstaller:1.3.1] AndroidManifest.xml:35:13-76
82            android:directBootAware="false"
82-->[androidx.profileinstaller:profileinstaller:1.3.1] AndroidManifest.xml:36:13-44
83            android:enabled="true"
83-->[androidx.profileinstaller:profileinstaller:1.3.1] AndroidManifest.xml:37:13-35
84            android:exported="true"
84-->[androidx.profileinstaller:profileinstaller:1.3.1] AndroidManifest.xml:38:13-36
85            android:permission="android.permission.DUMP" >
85-->[androidx.profileinstaller:profileinstaller:1.3.1] AndroidManifest.xml:39:13-57
86            <intent-filter>
86-->[androidx.profileinstaller:profileinstaller:1.3.1] AndroidManifest.xml:40:13-42:29
87                <action android:name="androidx.profileinstaller.action.INSTALL_PROFILE" />
87-->[androidx.profileinstaller:profileinstaller:1.3.1] AndroidManifest.xml:41:17-91
87-->[androidx.profileinstaller:profileinstaller:1.3.1] AndroidManifest.xml:41:25-88
88            </intent-filter>
89            <intent-filter>
89-->[androidx.profileinstaller:profileinstaller:1.3.1] AndroidManifest.xml:43:13-45:29
90                <action android:name="androidx.profileinstaller.action.SKIP_FILE" />
90-->[androidx.profileinstaller:profileinstaller:1.3.1] AndroidManifest.xml:44:17-85
90-->[androidx.profileinstaller:profileinstaller:1.3.1] AndroidManifest.xml:44:25-82
91            </intent-filter>
92            <intent-filter>
92-->[androidx.profileinstaller:profileinstaller:1.3.1] AndroidManifest.xml:46:13-48:29
93                <action android:name="androidx.profileinstaller.action.SAVE_PROFILE" />
93-->[androidx.profileinstaller:profileinstaller:1.3.1] AndroidManifest.xml:47:17-88
93-->[androidx.profileinstaller:profileinstaller:1.3.1] AndroidManifest.xml:47:25-85
94            </intent-filter>
95            <intent-filter>
95-->[androidx.profileinstaller:profileinstaller:1.3.1] AndroidManifest.xml:49:13-51:29
96                <action android:name="androidx.profileinstaller.action.BENCHMARK_OPERATION" />
96-->[androidx.profileinstaller:profileinstaller:1.3.1] AndroidManifest.xml:50:17-95
96-->[androidx.profileinstaller:profileinstaller:1.3.1] AndroidManifest.xml:50:25-92
97            </intent-filter>
98        </receiver>
99    </application>
100
101</manifest>